# JRE version: Java(TM) SE Runtime Environment (8.0_66-b18) (build 1.8.0_66-b18)
# Java VM: Java HotSpot(TM) 64-Bit Server VM (25.66-b18 mixed mode windows-amd64 compressed oops)
Heap:
 PSYoungGen      total 54784K, used 25838K [0x00000007bc400000, 0x00000007c0000000, 0x00000007c0000000)
  eden space 48128K, 52% used [0x00000007bc400000,0x00000007bdc9fa28,0x00000007bf300000)
  from space 6656K, 9% used [0x00000007bf300000,0x00000007bf39beb0,0x00000007bf980000)
  to   space 6144K, 0% used [0x00000007bfa00000,0x00000007bfa00000,0x00000007c0000000)
 ParOldGen       total 166400K, used 61871K [0x0000000700000000, 0x000000070a280000, 0x00000007bc400000)
  object space 166400K, 37% used [0x0000000700000000,0x0000000703c6bd60,0x000000070a280000)
 Metaspace       used 76793K, capacity 77322K, committed 77824K, reserved 1116160K
  class space    used 11294K, capacity 11431K, committed 11520K, reserved 1048576K
GC Heap History (10 events):
Event: 136085.952 GC heap before
{Heap before GC invocations=1130 (full 247):
 PSYoungGen      total 54272K, used 47697K [0x00000007bc400000, 0x00000007c0000000, 0x00000007c0000000)
  eden space 47104K, 100% used [0x00000007bc400000,0x00000007bf200000,0x00000007bf200000)
  from space 7168K, 8% used [0x00000007bf900000,0x00000007bf994668,0x00000007c0000000)
  to   space 7168K, 0% used [0x00000007bf200000,0x00000007bf200000,0x00000007bf900000)
 ParOldGen       total 166400K, used 61871K [0x0000000700000000, 0x000000070a280000, 0x00000007bc400000)
  object space 166400K, 37% used [0x0000000700000000,0x0000000703c6bd60,0x000000070a280000)
 Metaspace       used 76787K, capacity 77322K, committed 77824K, reserved 1116160K
  class space    used 11293K, capacity 11431K, committed 11520K, reserved 1048576K
Event: 136085.959 GC heap after
Heap after GC invocations=1130 (full 247):
 PSYoungGen      total 54272K, used 593K [0x00000007bc400000, 0x00000007c0000000, 0x00000007c0000000)
  eden space 47104K, 0% used [0x00000007bc400000,0x00000007bc400000,0x00000007bf200000)
  from space 7168K, 8% used [0x00000007bf200000,0x00000007bf294668,0x00000007bf900000)
  to   space 7168K, 0% used [0x00000007bf900000,0x00000007bf900000,0x00000007c0000000)
 ParOldGen       total 166400K, used 61871K [0x0000000700000000, 0x000000070a280000, 0x00000007bc400000)
  object space 166400K, 37% used [0x0000000700000000,0x0000000703c6bd60,0x000000070a280000)
 Metaspace       used 76787K, capacity 77322K, committed 77824K, reserved 1116160K
  class space    used 11293K, capacity 11431K, committed 11520K, reserved 1048576K
}
Event: 136185.583 GC heap before
{Heap before GC invocations=1131 (full 247):
 PSYoungGen      total 54272K, used 47697K [0x00000007bc400000, 0x00000007c0000000, 0x00000007c0000000)
  eden space 47104K, 100% used [0x00000007bc400000,0x00000007bf200000,0x00000007bf200000)
  from space 7168K, 8% used [0x00000007bf200000,0x00000007bf294668,0x00000007bf900000)
  to   space 7168K, 0% used [0x00000007bf900000,0x00000007bf900000,0x00000007c0000000)
 ParOldGen       total 166400K, used 61871K [0x0000000700000000, 0x000000070a280000, 0x00000007bc400000)
  object space 166400K, 37% used [0x0000000700000000,0x0000000703c6bd60,0x000000070a280000)
 Metaspace       used 76787K, capacity 77322K, committed 77824K, reserved 1116160K
  class space    used 11293K, capacity 11431K, committed 11520K, reserved 1048576K
Event: 136185.588 GC heap after
Heap after GC invocations=1131 (full 247):
 PSYoungGen      total 54784K, used 625K [0x00000007bc400000, 0x00000007c0000000, 0x00000007c0000000)
  eden space 47616K, 0% used [0x00000007bc400000,0x00000007bc400000,0x00000007bf280000)
  from space 7168K, 8% used [0x00000007bf900000,0x00000007bf99c668,0x00000007c0000000)
  to   space 6656K, 0% used [0x00000007bf280000,0x00000007bf280000,0x00000007bf900000)
 ParOldGen       total 166400K, used 61871K [0x0000000700000000, 0x000000070a280000, 0x00000007bc400000)
  object space 166400K, 37% used [0x0000000700000000,0x0000000703c6bd60,0x000000070a280000)
 Metaspace       used 76787K, capacity 77322K, committed 77824K, reserved 1116160K
  class space    used 11293K, capacity 11431K, committed 11520K, reserved 1048576K
}
Event: 136284.453 GC heap before
{Heap before GC invocations=1132 (full 247):
 PSYoungGen      total 54784K, used 48241K [0x00000007bc400000, 0x00000007c0000000, 0x00000007c0000000)
  eden space 47616K, 100% used [0x00000007bc400000,0x00000007bf280000,0x00000007bf280000)
  from space 7168K, 8% used [0x00000007bf900000,0x00000007bf99c668,0x00000007c0000000)
  to   space 6656K, 0% used [0x00000007bf280000,0x00000007bf280000,0x00000007bf900000)
 ParOldGen       total 166400K, used 61871K [0x0000000700000000, 0x000000070a280000, 0x00000007bc400000)
  object space 166400K, 37% used [0x0000000700000000,0x0000000703c6bd60,0x000000070a280000)
 Metaspace       used 76787K, capacity 77322K, committed 77824K, reserved 1116160K
  class space    used 11293K, capacity 11431K, committed 11520K, reserved 1048576K
Event: 136284.460 GC heap after
Heap after GC invocations=1132 (full 247):
 PSYoungGen      total 54272K, used 643K [0x00000007bc400000, 0x00000007c0000000, 0x00000007c0000000)
  eden space 47616K, 0% used [0x00000007bc400000,0x00000007bc400000,0x00000007bf280000)
  from space 6656K, 9% used [0x00000007bf280000,0x00000007bf320c90,0x00000007bf900000)
  to   space 6656K, 0% used [0x00000007bf980000,0x00000007bf980000,0x00000007c0000000)
 ParOldGen       total 166400K, used 61871K [0x0000000700000000, 0x000000070a280000, 0x00000007bc400000)
  object space 166400K, 37% used [0x0000000700000000,0x0000000703c6bd60,0x000000070a280000)
 Metaspace       used 76787K, capacity 77322K, committed 77824K, reserved 1116160K
  class space    used 11293K, capacity 11431K, committed 11520K, reserved 1048576K
}
Event: 136384.961 GC heap before
{Heap before GC invocations=1133 (full 247):
 PSYoungGen      total 54272K, used 48259K [0x00000007bc400000, 0x00000007c0000000, 0x00000007c0000000)
  eden space 47616K, 100% used [0x00000007bc400000,0x00000007bf280000,0x00000007bf280000)
  from space 6656K, 9% used [0x00000007bf280000,0x00000007bf320c90,0x00000007bf900000)
  to   space 6656K, 0% used [0x00000007bf980000,0x00000007bf980000,0x00000007c0000000)
 ParOldGen       total 166400K, used 61871K [0x0000000700000000, 0x000000070a280000, 0x00000007bc400000)
  object space 166400K, 37% used [0x0000000700000000,0x0000000703c6bd60,0x000000070a280000)
 Metaspace       used 76787K, capacity 77322K, committed 77824K, reserved 1116160K
  class space    used 11293K, capacity 11431K, committed 11520K, reserved 1048576K
Event: 136384.969 GC heap after
Heap after GC invocations=1133 (full 247):
 PSYoungGen      total 54784K, used 638K [0x00000007bc400000, 0x00000007c0000000, 0x00000007c0000000)
  eden space 48128K, 0% used [0x00000007bc400000,0x00000007bc400000,0x00000007bf300000)
  from space 6656K, 9% used [0x00000007bf980000,0x00000007bfa1f888,0x00000007c0000000)
  to   space 6656K, 0% used [0x00000007bf300000,0x00000007bf300000,0x00000007bf980000)
 ParOldGen       total 166400K, used 61871K [0x0000000700000000, 0x000000070a280000, 0x00000007bc400000)
  object space 166400K, 37% used [0x0000000700000000,0x0000000703c6bd60,0x000000070a280000)
 Metaspace       used 76787K, capacity 77322K, committed 77824K, reserved 1116160K
  class space    used 11293K, capacity 11431K, committed 11520K, reserved 1048576K
}
Event: 136486.691 GC heap before
{Heap before GC invocations=1134 (full 247):
 PSYoungGen      total 54784K, used 48766K [0x00000007bc400000, 0x00000007c0000000, 0x00000007c0000000)
  eden space 48128K, 100% used [0x00000007bc400000,0x00000007bf300000,0x00000007bf300000)
  from space 6656K, 9% used [0x00000007bf980000,0x00000007bfa1f888,0x00000007c0000000)
  to   space 6656K, 0% used [0x00000007bf300000,0x00000007bf300000,0x00000007bf980000)
 ParOldGen       total 166400K, used 61871K [0x0000000700000000, 0x000000070a280000, 0x00000007bc400000)
  object space 166400K, 37% used [0x0000000700000000,0x0000000703c6bd60,0x000000070a280000)
 Metaspace       used 76787K, capacity 77322K, committed 77824K, reserved 1116160K
  class space    used 11293K, capacity 11431K, committed 11520K, reserved 1048576K
Event: 136486.708 GC heap after
Heap after GC invocations=1134 (full 247):
 PSYoungGen      total 54784K, used 623K [0x00000007bc400000, 0x00000007c0000000, 0x00000007c0000000)
  eden space 48128K, 0% used [0x00000007bc400000,0x00000007bc400000,0x00000007bf300000)
  from space 6656K, 9% used [0x00000007bf300000,0x00000007bf39beb0,0x00000007bf980000)
  to   space 6144K, 0% used [0x00000007bfa00000,0x00000007bfa00000,0x00000007c0000000)
 ParOldGen       total 166400K, used 61871K [0x0000000700000000, 0x000000070a280000, 0x00000007bc400000)
  object space 166400K, 37% used [0x0000000700000000,0x0000000703c6bd60,0x000000070a280000)
 Metaspace       used 76787K, capacity 77322K, committed 77824K, reserved 1116160K
  class space    used 11293K, capacity 11431K, committed 11520K, reserved 1048576K
}

